TN:
SF:C:\Users\vusunkara\Documents\Uday\VMWARE\angular-testing-example\src\polyfills.ts
FNF:0
FNH:0
LF:0
LH:0
BRF:0
BRH:0
end_of_record
TN:
SF:C:\Users\vusunkara\Documents\Uday\VMWARE\angular-testing-example\src\test.ts
FNF:0
FNH:0
DA:13,1
DA:18,1
DA:20,1
LF:3
LH:3
BRF:0
BRH:0
end_of_record
TN:
SF:C:\Users\vusunkara\Documents\Uday\VMWARE\angular-testing-example\src\app\data-url.pipe.ts
FN:6,DataUrlPipe
FN:8,(anonymous_2)
FNF:2
FNH:2
FNDA:4,DataUrlPipe
FNDA:3,(anonymous_2)
DA:6,1
DA:8,1
DA:9,3
DA:11,1
DA:13,2
DA:17,1
DA:19,3
DA:22,1
LF:8
LH:8
BRF:0
BRH:0
end_of_record
